<?xml version="1.0" encoding="UTF-8"?>
<!-- Generated by org.testng.reporters.JUnitXMLReporter -->
<testsuite ignored="0" hostname="selenium26" failures="0" tests="3" name="Default test" time="19.892" errors="0" timestamp="2024-12-12T13:15:58 IST">
  <testcase classname="TestScripts.GooglePageTest" name="appiumSearch" time="7.629"/>
  <testcase classname="TestScripts.GooglePageTest" name="seleniumSearchTest" time="6.2"/>
  <testcase classname="TestScripts.GooglePageTest" name="javaSearch" time="6.004"/>
</testsuite> <!-- Default test -->
