<?xml version="1.0" encoding="UTF-8"?>
<testng-results ignored="0" total="3" passed="3" failed="0" skipped="0">
  <reporter-output>
  </reporter-output>
  <suite started-at="2024-12-12T13:15:38 IST" name="Default suite" finished-at="2024-12-12T13:15:58 IST" duration-ms="19892">
    <groups>
    </groups>
    <test started-at="2024-12-12T13:15:38 IST" name="Default test" finished-at="2024-12-12T13:15:58 IST" duration-ms="19892">
      <class name="TestScripts.GooglePageTest">
        <test-method signature="appiumSearch()[pri:0, instance:TestScripts.GooglePageTest@fa49800]" started-at="2024-12-12T13:15:38 IST" name="appiumSearch" finished-at="2024-12-12T13:15:46 IST" duration-ms="7629" status="PASS">
          <reporter-output>
          </reporter-output>
        </test-method> <!-- appiumSearch -->
        <test-method signature="seleniumSearchTest()[pri:1, instance:TestScripts.GooglePageTest@fa49800]" started-at="2024-12-12T13:15:46 IST" name="seleniumSearchTest" finished-at="2024-12-12T13:15:52 IST" duration-ms="6200" status="PASS">
          <reporter-output>
          </reporter-output>
        </test-method> <!-- seleniumSearchTest -->
        <test-method signature="javaSearch()[pri:2, instance:TestScripts.GooglePageTest@fa49800]" started-at="2024-12-12T13:15:52 IST" name="javaSearch" finished-at="2024-12-12T13:15:58 IST" duration-ms="6004" status="PASS">
          <reporter-output>
          </reporter-output>
        </test-method> <!-- javaSearch -->
      </class> <!-- TestScripts.GooglePageTest -->
    </test> <!-- Default test -->
  </suite> <!-- Default suite -->
</testng-results>
