<?xml version="1.0" encoding="UTF-8"?>
<testng-results ignored="0" total="1" passed="1" failed="0" skipped="0">
  <reporter-output>
  </reporter-output>
  <suite started-at="2024-12-12T10:23:41 IST" name="Default suite" finished-at="2024-12-12T10:23:49 IST" duration-ms="7145">
    <groups>
    </groups>
    <test started-at="2024-12-12T10:23:41 IST" name="Default test" finished-at="2024-12-12T10:23:49 IST" duration-ms="7145">
      <class name="TestScripts.ToolTipTest">
        <test-method signature="f()[pri:0, instance:TestScripts.ToolTipTest@fba92d3]" started-at="2024-12-12T10:23:41 IST" name="f" finished-at="2024-12-12T10:23:49 IST" duration-ms="7098" status="PASS">
          <reporter-output>
          </reporter-output>
        </test-method> <!-- f -->
      </class> <!-- TestScripts.ToolTipTest -->
    </test> <!-- Default test -->
  </suite> <!-- Default suite -->
</testng-results>
