<?xml version="1.0" encoding="UTF-8"?>
<!-- Generated by org.testng.reporters.JUnitXMLReporter -->
<testsuite ignored="0" hostname="selenium26" failures="0" tests="5" name="Testinginsequence" time="40.007" errors="0" timestamp="2024-12-12T12:33:30 IST">
  <testcase classname="TestScripts.PageLoadTest" name="f" time="13.13"/>
  <testcase classname="TestScripts.JSExecTest" name="f" time="10.737"/>
  <testcase classname="TestScripts.GooglePageTest" name="javaSearch" time="6.844"/>
  <testcase classname="TestScripts.GooglePageTest" name="seleniumSearchTest" time="5.313"/>
  <testcase classname="TestScripts.ToolTipTest" name="f" time="3.892"/>
</testsuite> <!-- Testinginsequence -->
